@!@!@STARTMSG 2262:0 @!@!@
TLC2 Version 2.16 of 31 December 2020 (rev: cdddf55)
@!@!@ENDMSG 2262 @!@!@
@!@!@STARTMSG 2187:0 @!@!@
Running breadth-first search Model-Checking with fp 60 and seed 2987707113945144573 with 1 worker on 12 cores with 3524MB heap and 64MB offheap memory [pid: 14293] (Linux 5.19.0-38-generic amd64, Ubuntu 11.0.18 x86_64, MSBDiskFPSet, DiskStateQueue).
@!@!@ENDMSG 2187 @!@!@
@!@!@STARTMSG 2220:0 @!@!@
Starting SANY...
@!@!@ENDMSG 2220 @!@!@
Parsing file /home/lcmj/Desktop/Clases/VF/Aula3/Multiplication.tla
Parsing file /tmp/Integers.tla
Parsing file /tmp/Naturals.tla
Semantic processing of module Naturals
Semantic processing of module Integers
Semantic processing of module Multiplication
@!@!@STARTMSG 2219:0 @!@!@
SANY finished.
@!@!@ENDMSG 2219 @!@!@
@!@!@STARTMSG 2185:0 @!@!@
Starting... (2023-03-28 23:12:27)
@!@!@ENDMSG 2185 @!@!@
@!@!@STARTMSG 2189:0 @!@!@
Computing initial states...
@!@!@ENDMSG 2189 @!@!@
@!@!@STARTMSG 2190:0 @!@!@
Finished computing initial states: 1 distinct state generated at 2023-03-28 23:12:27.
@!@!@ENDMSG 2190 @!@!@
@!@!@STARTMSG 2114:1 @!@!@
Deadlock reached.
@!@!@ENDMSG 2114 @!@!@
@!@!@STARTMSG 2121:1 @!@!@
The behavior up to this point is:
@!@!@ENDMSG 2121 @!@!@
@!@!@STARTMSG 2217:4 @!@!@
1: <Initial predicate>
/\ n = 0
/\ r = 0
/\ pc = 0

@!@!@ENDMSG 2217 @!@!@
@!@!@STARTMSG 2217:4 @!@!@
2: <WhileT line 16, col 5 to line 19, col 14 of module Multiplication>
/\ n = 1
/\ r = 4
/\ pc = 0

@!@!@ENDMSG 2217 @!@!@
@!@!@STARTMSG 2217:4 @!@!@
3: <WhileT line 16, col 5 to line 19, col 14 of module Multiplication>
/\ n = 2
/\ r = 8
/\ pc = 0

@!@!@ENDMSG 2217 @!@!@
@!@!@STARTMSG 2217:4 @!@!@
4: <WhileT line 16, col 5 to line 19, col 14 of module Multiplication>
/\ n = 3
/\ r = 12
/\ pc = 0

@!@!@ENDMSG 2217 @!@!@
@!@!@STARTMSG 2217:4 @!@!@
5: <WhileT line 16, col 5 to line 19, col 14 of module Multiplication>
/\ n = 4
/\ r = 16
/\ pc = 0

@!@!@ENDMSG 2217 @!@!@
@!@!@STARTMSG 2217:4 @!@!@
6: <WhileT line 16, col 5 to line 19, col 14 of module Multiplication>
/\ n = 5
/\ r = 20
/\ pc = 0

@!@!@ENDMSG 2217 @!@!@
@!@!@STARTMSG 2217:4 @!@!@
7: <WhileT line 16, col 5 to line 19, col 14 of module Multiplication>
/\ n = 6
/\ r = 24
/\ pc = 0

@!@!@ENDMSG 2217 @!@!@
@!@!@STARTMSG 2217:4 @!@!@
8: <WhileT line 16, col 5 to line 19, col 14 of module Multiplication>
/\ n = 7
/\ r = 28
/\ pc = 0

@!@!@ENDMSG 2217 @!@!@
@!@!@STARTMSG 2217:4 @!@!@
9: <WhileT line 16, col 5 to line 19, col 14 of module Multiplication>
/\ n = 8
/\ r = 32
/\ pc = 0

@!@!@ENDMSG 2217 @!@!@
@!@!@STARTMSG 2217:4 @!@!@
10: <WhileT line 16, col 5 to line 19, col 14 of module Multiplication>
/\ n = 9
/\ r = 36
/\ pc = 0

@!@!@ENDMSG 2217 @!@!@
@!@!@STARTMSG 2217:4 @!@!@
11: <WhileT line 16, col 5 to line 19, col 14 of module Multiplication>
/\ n = 10
/\ r = 40
/\ pc = 0

@!@!@ENDMSG 2217 @!@!@
@!@!@STARTMSG 2217:4 @!@!@
12: <WhileT line 16, col 5 to line 19, col 14 of module Multiplication>
/\ n = 11
/\ r = 44
/\ pc = 0

@!@!@ENDMSG 2217 @!@!@
@!@!@STARTMSG 2217:4 @!@!@
13: <WhileT line 16, col 5 to line 19, col 14 of module Multiplication>
/\ n = 12
/\ r = 48
/\ pc = 0

@!@!@ENDMSG 2217 @!@!@
@!@!@STARTMSG 2217:4 @!@!@
14: <WhileT line 16, col 5 to line 19, col 14 of module Multiplication>
/\ n = 13
/\ r = 52
/\ pc = 0

@!@!@ENDMSG 2217 @!@!@
@!@!@STARTMSG 2217:4 @!@!@
15: <WhileT line 16, col 5 to line 19, col 14 of module Multiplication>
/\ n = 14
/\ r = 56
/\ pc = 0

@!@!@ENDMSG 2217 @!@!@
@!@!@STARTMSG 2217:4 @!@!@
16: <WhileT line 16, col 5 to line 19, col 14 of module Multiplication>
/\ n = 15
/\ r = 60
/\ pc = 0

@!@!@ENDMSG 2217 @!@!@
@!@!@STARTMSG 2217:4 @!@!@
17: <WhileT line 16, col 5 to line 19, col 14 of module Multiplication>
/\ n = 16
/\ r = 64
/\ pc = 0

@!@!@ENDMSG 2217 @!@!@
@!@!@STARTMSG 2217:4 @!@!@
18: <WhileT line 16, col 5 to line 19, col 14 of module Multiplication>
/\ n = 17
/\ r = 68
/\ pc = 0

@!@!@ENDMSG 2217 @!@!@
@!@!@STARTMSG 2217:4 @!@!@
19: <WhileT line 16, col 5 to line 19, col 14 of module Multiplication>
/\ n = 18
/\ r = 72
/\ pc = 0

@!@!@ENDMSG 2217 @!@!@
@!@!@STARTMSG 2217:4 @!@!@
20: <WhileT line 16, col 5 to line 19, col 14 of module Multiplication>
/\ n = 19
/\ r = 76
/\ pc = 0

@!@!@ENDMSG 2217 @!@!@
@!@!@STARTMSG 2217:4 @!@!@
21: <WhileT line 16, col 5 to line 19, col 14 of module Multiplication>
/\ n = 20
/\ r = 80
/\ pc = 0

@!@!@ENDMSG 2217 @!@!@
@!@!@STARTMSG 2217:4 @!@!@
22: <WhileF line 22, col 5 to line 24, col 24 of module Multiplication>
/\ n = 20
/\ r = 80
/\ pc = 1

@!@!@ENDMSG 2217 @!@!@
@!@!@STARTMSG 2201:0 @!@!@
The coverage statistics at 2023-03-28 23:12:27
@!@!@ENDMSG 2201 @!@!@
@!@!@STARTMSG 2773:0 @!@!@
<Init line 13, col 1 to line 13, col 4 of module Multiplication>: 2:2
@!@!@ENDMSG 2773 @!@!@
@!@!@STARTMSG 2221:0 @!@!@
  line 13, col 9 to line 13, col 32 of module Multiplication: 2
@!@!@ENDMSG 2221 @!@!@
@!@!@STARTMSG 2772:0 @!@!@
<WhileT line 15, col 1 to line 15, col 6 of module Multiplication>: 20:40
@!@!@ENDMSG 2772 @!@!@
@!@!@STARTMSG 2221:0 @!@!@
  line 16, col 8 to line 16, col 13 of module Multiplication: 83
@!@!@ENDMSG 2221 @!@!@
@!@!@STARTMSG 2221:0 @!@!@
  |line 16, col 8 to line 16, col 9 of module Multiplication: 43
@!@!@ENDMSG 2221 @!@!@
@!@!@STARTMSG 2221:0 @!@!@
  line 16, col 18 to line 16, col 22 of module Multiplication: 40
@!@!@ENDMSG 2221 @!@!@
@!@!@STARTMSG 2221:0 @!@!@
  |line 16, col 18 to line 16, col 18 of module Multiplication: 42
@!@!@ENDMSG 2221 @!@!@
@!@!@STARTMSG 2221:0 @!@!@
  |line 16, col 22 to line 16, col 22 of module Multiplication: 42
@!@!@ENDMSG 2221 @!@!@
@!@!@STARTMSG 2221:0 @!@!@
  line 17, col 8 to line 17, col 17 of module Multiplication: 40
@!@!@ENDMSG 2221 @!@!@
@!@!@STARTMSG 2221:0 @!@!@
  line 18, col 8 to line 18, col 17 of module Multiplication: 40
@!@!@ENDMSG 2221 @!@!@
@!@!@STARTMSG 2221:0 @!@!@
  line 19, col 8 to line 19, col 14 of module Multiplication: 40
@!@!@ENDMSG 2221 @!@!@
@!@!@STARTMSG 2772:0 @!@!@
<WhileF line 21, col 1 to line 21, col 6 of module Multiplication>: 1:2
@!@!@ENDMSG 2772 @!@!@
@!@!@STARTMSG 2221:0 @!@!@
  line 22, col 8 to line 22, col 13 of module Multiplication: 25
@!@!@ENDMSG 2221 @!@!@
@!@!@STARTMSG 2221:0 @!@!@
  |line 22, col 8 to line 22, col 9 of module Multiplication: 23
@!@!@ENDMSG 2221 @!@!@
@!@!@STARTMSG 2221:0 @!@!@
  line 22, col 18 to line 22, col 23 of module Multiplication: 2
@!@!@ENDMSG 2221 @!@!@
@!@!@STARTMSG 2221:0 @!@!@
  |line 22, col 18 to line 22, col 18 of module Multiplication: 22
@!@!@ENDMSG 2221 @!@!@
@!@!@STARTMSG 2221:0 @!@!@
  |line 22, col 23 to line 22, col 23 of module Multiplication: 22
@!@!@ENDMSG 2221 @!@!@
@!@!@STARTMSG 2221:0 @!@!@
  line 23, col 8 to line 23, col 14 of module Multiplication: 2
@!@!@ENDMSG 2221 @!@!@
@!@!@STARTMSG 2221:0 @!@!@
  line 24, col 8 to line 24, col 24 of module Multiplication: 2
@!@!@ENDMSG 2221 @!@!@
@!@!@STARTMSG 2774:0 @!@!@
<Action line 32, col 27 to line 32, col 45 of module Multiplication>
@!@!@ENDMSG 2774 @!@!@
@!@!@STARTMSG 2221:0 @!@!@
  line 32, col 27 to line 32, col 45 of module Multiplication: 22
@!@!@ENDMSG 2221 @!@!@
@!@!@STARTMSG 2221:0 @!@!@
  |line 32, col 27 to line 32, col 32 of module Multiplication: 22
@!@!@ENDMSG 2221 @!@!@
@!@!@STARTMSG 2221:0 @!@!@
  |line 32, col 37 to line 32, col 45 of module Multiplication: 1
@!@!@ENDMSG 2221 @!@!@
@!@!@STARTMSG 2202:0 @!@!@
End of statistics.
@!@!@ENDMSG 2202 @!@!@
@!@!@STARTMSG 2200:0 @!@!@
Progress(22) at 2023-03-28 23:12:27: 22 states generated (1 902 s/min), 22 distinct states found (1 902 ds/min), 0 states left on queue.
@!@!@ENDMSG 2200 @!@!@
@!@!@STARTMSG 2199:0 @!@!@
22 states generated, 22 distinct states found, 0 states left on queue.
@!@!@ENDMSG 2199 @!@!@
@!@!@STARTMSG 2194:0 @!@!@
The depth of the complete state graph search is 22.
@!@!@ENDMSG 2194 @!@!@
@!@!@STARTMSG 2268:0 @!@!@
The average outdegree of the complete state graph is 1 (minimum is 0, the maximum 1 and the 95th percentile is 1).
@!@!@ENDMSG 2268 @!@!@
@!@!@STARTMSG 2186:0 @!@!@
Finished in 704ms at (2023-03-28 23:12:27)
@!@!@ENDMSG 2186 @!@!@
