@!@!@STARTMSG 2262:0 @!@!@
TLC2 Version 2.16 of 31 December 2020 (rev: cdddf55)
@!@!@ENDMSG 2262 @!@!@
@!@!@STARTMSG 2187:0 @!@!@
Running breadth-first search Model-Checking with fp 46 and seed -2810036692018817966 with 1 worker on 12 cores with 3524MB heap and 64MB offheap memory [pid: 20416] (Linux 5.19.0-35-generic amd64, Ubuntu 11.0.18 x86_64, MSBDiskFPSet, DiskStateQueue).
@!@!@ENDMSG 2187 @!@!@
@!@!@STARTMSG 2220:0 @!@!@
Starting SANY...
@!@!@ENDMSG 2220 @!@!@
Parsing file /home/lcmj/Desktop/Clases/VF/Aula5/filosofo.tla
Parsing file /tmp/Integers.tla
Parsing file /tmp/Naturals.tla
Semantic processing of module Naturals
Semantic processing of module Integers
Semantic processing of module filosofo
@!@!@STARTMSG 2219:0 @!@!@
SANY finished.
@!@!@ENDMSG 2219 @!@!@
@!@!@STARTMSG 2185:0 @!@!@
Starting... (2023-03-17 11:23:32)
@!@!@ENDMSG 2185 @!@!@
@!@!@STARTMSG 2212:0 @!@!@
Implied-temporal checking--satisfiability problem has 2 branches.
@!@!@ENDMSG 2212 @!@!@
@!@!@STARTMSG 2189:0 @!@!@
Computing initial states...
@!@!@ENDMSG 2189 @!@!@
@!@!@STARTMSG 2190:0 @!@!@
Finished computing initial states: 1 distinct state generated at 2023-03-17 11:23:33.
@!@!@ENDMSG 2190 @!@!@
@!@!@STARTMSG 2200:0 @!@!@
Progress(6) at 2023-03-17 11:23:33: 31 states generated, 19 distinct states found, 0 states left on queue.
@!@!@ENDMSG 2200 @!@!@
@!@!@STARTMSG 2192:0 @!@!@
Checking 2 branches of temporal properties for the complete state space with 38 total distinct states at (2023-03-17 11:23:33)
@!@!@ENDMSG 2192 @!@!@
@!@!@STARTMSG 2116:1 @!@!@
Temporal properties were violated.

@!@!@ENDMSG 2116 @!@!@
@!@!@STARTMSG 2264:1 @!@!@
The following behavior constitutes a counter-example:

@!@!@ENDMSG 2264 @!@!@
@!@!@STARTMSG 2217:4 @!@!@
1: <Initial predicate>
/\ waiter = TRUE
/\ pc = (0 :> 0 @@ 1 :> 0 @@ 2 :> 0)
/\ fork = (0 :> TRUE @@ 1 :> TRUE @@ 2 :> TRUE)

@!@!@ENDMSG 2217 @!@!@
@!@!@STARTMSG 2217:4 @!@!@
2: <i_0 line 20, col 5 to line 24, col 33 of module filosofo>
/\ waiter = FALSE
/\ pc = (0 :> 0 @@ 1 :> 1 @@ 2 :> 0)
/\ fork = (0 :> TRUE @@ 1 :> TRUE @@ 2 :> TRUE)

@!@!@ENDMSG 2217 @!@!@
@!@!@STARTMSG 2217:4 @!@!@
3: <i_1 line 27, col 5 to line 31, col 33 of module filosofo>
/\ waiter = FALSE
/\ pc = (0 :> 0 @@ 1 :> 2 @@ 2 :> 0)
/\ fork = (0 :> TRUE @@ 1 :> FALSE @@ 2 :> TRUE)

@!@!@ENDMSG 2217 @!@!@
@!@!@STARTMSG 2217:4 @!@!@
4: <i_2 line 34, col 5 to line 38, col 33 of module filosofo>
/\ waiter = TRUE
/\ pc = (0 :> 0 @@ 1 :> 3 @@ 2 :> 0)
/\ fork = (0 :> FALSE @@ 1 :> FALSE @@ 2 :> TRUE)

@!@!@ENDMSG 2217 @!@!@
@!@!@STARTMSG 2217:4 @!@!@
5: <i_0 line 20, col 5 to line 24, col 33 of module filosofo>
/\ waiter = FALSE
/\ pc = (0 :> 0 @@ 1 :> 3 @@ 2 :> 1)
/\ fork = (0 :> FALSE @@ 1 :> FALSE @@ 2 :> TRUE)

@!@!@ENDMSG 2217 @!@!@
@!@!@STARTMSG 2217:4 @!@!@
6: <i_1 line 27, col 5 to line 31, col 33 of module filosofo>
/\ waiter = FALSE
/\ pc = (0 :> 0 @@ 1 :> 3 @@ 2 :> 2)
/\ fork = (0 :> FALSE @@ 1 :> FALSE @@ 2 :> FALSE)

@!@!@ENDMSG 2217 @!@!@
@!@!@STARTMSG 2217:4 @!@!@
7: <i_3 line 41, col 5 to line 44, col 33 of module filosofo>
/\ waiter = FALSE
/\ pc = (0 :> 0 @@ 1 :> 0 @@ 2 :> 2)
/\ fork = (0 :> TRUE @@ 1 :> TRUE @@ 2 :> FALSE)

@!@!@ENDMSG 2217 @!@!@
@!@!@STARTMSG 2217:4 @!@!@
8: <i_2 line 34, col 5 to line 38, col 33 of module filosofo>
/\ waiter = TRUE
/\ pc = (0 :> 0 @@ 1 :> 0 @@ 2 :> 3)
/\ fork = (0 :> TRUE @@ 1 :> FALSE @@ 2 :> FALSE)

@!@!@ENDMSG 2217 @!@!@
@!@!@STARTMSG 2217:4 @!@!@
9: <i_3 line 41, col 5 to line 44, col 33 of module filosofo>
/\ waiter = TRUE
/\ pc = (0 :> 0 @@ 1 :> 0 @@ 2 :> 0)
/\ fork = (0 :> TRUE @@ 1 :> TRUE @@ 2 :> TRUE)

@!@!@ENDMSG 2217 @!@!@
@!@!@STARTMSG 2217:4 @!@!@
10: <i_0 line 20, col 5 to line 24, col 33 of module filosofo>
/\ waiter = FALSE
/\ pc = (0 :> 1 @@ 1 :> 0 @@ 2 :> 0)
/\ fork = (0 :> TRUE @@ 1 :> TRUE @@ 2 :> TRUE)

@!@!@ENDMSG 2217 @!@!@
@!@!@STARTMSG 2217:4 @!@!@
11: <i_1 line 27, col 5 to line 31, col 33 of module filosofo>
/\ waiter = FALSE
/\ pc = (0 :> 2 @@ 1 :> 0 @@ 2 :> 0)
/\ fork = (0 :> FALSE @@ 1 :> TRUE @@ 2 :> TRUE)

@!@!@ENDMSG 2217 @!@!@
@!@!@STARTMSG 2217:4 @!@!@
12: <i_2 line 34, col 5 to line 38, col 33 of module filosofo>
/\ waiter = TRUE
/\ pc = (0 :> 3 @@ 1 :> 0 @@ 2 :> 0)
/\ fork = (0 :> FALSE @@ 1 :> TRUE @@ 2 :> FALSE)

@!@!@ENDMSG 2217 @!@!@
@!@!@STARTMSG 2217:4 @!@!@
13: <i_0 line 20, col 5 to line 24, col 33 of module filosofo>
/\ waiter = FALSE
/\ pc = (0 :> 3 @@ 1 :> 0 @@ 2 :> 1)
/\ fork = (0 :> FALSE @@ 1 :> TRUE @@ 2 :> FALSE)

@!@!@ENDMSG 2217 @!@!@
@!@!@STARTMSG 2217:4 @!@!@
14: <i_3 line 41, col 5 to line 44, col 33 of module filosofo>
/\ waiter = FALSE
/\ pc = (0 :> 0 @@ 1 :> 0 @@ 2 :> 1)
/\ fork = (0 :> TRUE @@ 1 :> TRUE @@ 2 :> TRUE)

@!@!@ENDMSG 2217 @!@!@
@!@!@STARTMSG 2217:4 @!@!@
15: <i_1 line 27, col 5 to line 31, col 33 of module filosofo>
/\ waiter = FALSE
/\ pc = (0 :> 0 @@ 1 :> 0 @@ 2 :> 2)
/\ fork = (0 :> TRUE @@ 1 :> TRUE @@ 2 :> FALSE)

@!@!@ENDMSG 2217 @!@!@
@!@!@STARTMSG 2217:4 @!@!@
16: <i_2 line 34, col 5 to line 38, col 33 of module filosofo>
/\ waiter = TRUE
/\ pc = (0 :> 0 @@ 1 :> 0 @@ 2 :> 3)
/\ fork = (0 :> TRUE @@ 1 :> FALSE @@ 2 :> FALSE)

@!@!@ENDMSG 2217 @!@!@
@!@!@STARTMSG 2217:4 @!@!@
17: <i_0 line 20, col 5 to line 24, col 33 of module filosofo>
/\ waiter = FALSE
/\ pc = (0 :> 1 @@ 1 :> 0 @@ 2 :> 3)
/\ fork = (0 :> TRUE @@ 1 :> FALSE @@ 2 :> FALSE)

@!@!@ENDMSG 2217 @!@!@
@!@!@STARTMSG 2217:4 @!@!@
18: <i_3 line 41, col 5 to line 44, col 33 of module filosofo>
/\ waiter = FALSE
/\ pc = (0 :> 1 @@ 1 :> 0 @@ 2 :> 0)
/\ fork = (0 :> TRUE @@ 1 :> TRUE @@ 2 :> TRUE)

@!@!@ENDMSG 2217 @!@!@
@!@!@STARTMSG 2217:4 @!@!@
19: <i_1 line 27, col 5 to line 31, col 33 of module filosofo>
/\ waiter = FALSE
/\ pc = (0 :> 2 @@ 1 :> 0 @@ 2 :> 0)
/\ fork = (0 :> FALSE @@ 1 :> TRUE @@ 2 :> TRUE)

@!@!@ENDMSG 2217 @!@!@
@!@!@STARTMSG 2217:4 @!@!@
20: <i_2 line 34, col 5 to line 38, col 33 of module filosofo>
/\ waiter = TRUE
/\ pc = (0 :> 3 @@ 1 :> 0 @@ 2 :> 0)
/\ fork = (0 :> FALSE @@ 1 :> TRUE @@ 2 :> FALSE)

@!@!@ENDMSG 2217 @!@!@
@!@!@STARTMSG 2122:4 @!@!@
13: Back to state: <i_0 line 20, col 5 to line 24, col 33 of module filosofo>

@!@!@ENDMSG 2122 @!@!@
@!@!@STARTMSG 2267:0 @!@!@
Finished checking temporal properties in 00s at 2023-03-17 11:23:33
@!@!@ENDMSG 2267 @!@!@
@!@!@STARTMSG 2201:0 @!@!@
The coverage statistics at 2023-03-17 11:23:33
@!@!@ENDMSG 2201 @!@!@
@!@!@STARTMSG 2773:0 @!@!@
<Init line 13, col 1 to line 13, col 4 of module filosofo>: 2:2
@!@!@ENDMSG 2773 @!@!@
@!@!@STARTMSG 2221:0 @!@!@
  line 13, col 9 to line 13, col 82 of module filosofo: 2
@!@!@ENDMSG 2221 @!@!@
@!@!@STARTMSG 2772:0 @!@!@
<i_0 line 19, col 1 to line 19, col 6 of module filosofo>: 9:89
@!@!@ENDMSG 2772 @!@!@
@!@!@STARTMSG 2221:0 @!@!@
  line 20, col 8 to line 20, col 16 of module filosofo: 431
@!@!@ENDMSG 2221 @!@!@
@!@!@STARTMSG 2221:0 @!@!@
  |line 20, col 8 to line 20, col 12 of module filosofo: 342
@!@!@ENDMSG 2221 @!@!@
@!@!@STARTMSG 2221:0 @!@!@
  line 21, col 8 to line 21, col 20 of module filosofo: 306
@!@!@ENDMSG 2221 @!@!@
@!@!@STARTMSG 2221:0 @!@!@
  |line 21, col 8 to line 21, col 13 of module filosofo: 217
@!@!@ENDMSG 2221 @!@!@
@!@!@STARTMSG 2221:0 @!@!@
  |line 21, col 17 to line 21, col 20 of module filosofo: 217
@!@!@ENDMSG 2221 @!@!@
@!@!@STARTMSG 2221:0 @!@!@
  line 22, col 8 to line 22, col 19 of module filosofo: 89
@!@!@ENDMSG 2221 @!@!@
@!@!@STARTMSG 2221:0 @!@!@
  line 23, col 8 to line 23, col 22 of module filosofo: 89
@!@!@ENDMSG 2221 @!@!@
@!@!@STARTMSG 2221:0 @!@!@
  line 24, col 8 to line 24, col 33 of module filosofo: 89
@!@!@ENDMSG 2221 @!@!@
@!@!@STARTMSG 2772:0 @!@!@
<i_1 line 26, col 1 to line 26, col 6 of module filosofo>: 6:39
@!@!@ENDMSG 2772 @!@!@
@!@!@STARTMSG 2221:0 @!@!@
  line 27, col 8 to line 27, col 16 of module filosofo: 375
@!@!@ENDMSG 2221 @!@!@
@!@!@STARTMSG 2221:0 @!@!@
  |line 27, col 8 to line 27, col 12 of module filosofo: 336
@!@!@ENDMSG 2221 @!@!@
@!@!@STARTMSG 2221:0 @!@!@
  line 28, col 8 to line 28, col 27 of module filosofo: 84
@!@!@ENDMSG 2221 @!@!@
@!@!@STARTMSG 2221:0 @!@!@
  |line 28, col 8 to line 28, col 20 of module filosofo: 45
@!@!@ENDMSG 2221 @!@!@
@!@!@STARTMSG 2221:0 @!@!@
  |line 28, col 24 to line 28, col 27 of module filosofo: 45
@!@!@ENDMSG 2221 @!@!@
@!@!@STARTMSG 2221:0 @!@!@
  line 29, col 8 to line 29, col 47 of module filosofo: 39
@!@!@ENDMSG 2221 @!@!@
@!@!@STARTMSG 2221:0 @!@!@
  line 30, col 8 to line 30, col 23 of module filosofo: 39
@!@!@ENDMSG 2221 @!@!@
@!@!@STARTMSG 2221:0 @!@!@
  line 31, col 8 to line 31, col 33 of module filosofo: 39
@!@!@ENDMSG 2221 @!@!@
@!@!@STARTMSG 2772:0 @!@!@
<i_2 line 33, col 1 to line 33, col 6 of module filosofo>: 3:29
@!@!@ENDMSG 2772 @!@!@
@!@!@STARTMSG 2221:0 @!@!@
  line 34, col 8 to line 34, col 17 of module filosofo: 360
@!@!@ENDMSG 2221 @!@!@
@!@!@STARTMSG 2221:0 @!@!@
  |line 34, col 8 to line 34, col 13 of module filosofo: 331
@!@!@ENDMSG 2221 @!@!@
@!@!@STARTMSG 2221:0 @!@!@
  line 35, col 8 to line 35, col 28 of module filosofo: 61
@!@!@ENDMSG 2221 @!@!@
@!@!@STARTMSG 2221:0 @!@!@
  |line 35, col 8 to line 35, col 21 of module filosofo: 32
@!@!@ENDMSG 2221 @!@!@
@!@!@STARTMSG 2221:0 @!@!@
  |line 35, col 25 to line 35, col 28 of module filosofo: 32
@!@!@ENDMSG 2221 @!@!@
@!@!@STARTMSG 2221:0 @!@!@
  line 36, col 8 to line 36, col 48 of module filosofo: 29
@!@!@ENDMSG 2221 @!@!@
@!@!@STARTMSG 2221:0 @!@!@
  line 37, col 8 to line 37, col 21 of module filosofo: 29
@!@!@ENDMSG 2221 @!@!@
@!@!@STARTMSG 2221:0 @!@!@
  line 38, col 8 to line 38, col 33 of module filosofo: 29
@!@!@ENDMSG 2221 @!@!@
@!@!@STARTMSG 2772:0 @!@!@
<i_3 line 40, col 1 to line 40, col 6 of module filosofo>: 0:48
@!@!@ENDMSG 2772 @!@!@
@!@!@STARTMSG 2221:0 @!@!@
  line 41, col 8 to line 41, col 16 of module filosofo: 374
@!@!@ENDMSG 2221 @!@!@
@!@!@STARTMSG 2221:0 @!@!@
  |line 41, col 8 to line 41, col 12 of module filosofo: 326
@!@!@ENDMSG 2221 @!@!@
@!@!@STARTMSG 2221:0 @!@!@
  line 42, col 8 to line 42, col 66 of module filosofo: 48
@!@!@ENDMSG 2221 @!@!@
@!@!@STARTMSG 2221:0 @!@!@
  line 43, col 8 to line 43, col 23 of module filosofo: 48
@!@!@ENDMSG 2221 @!@!@
@!@!@STARTMSG 2221:0 @!@!@
  line 44, col 8 to line 44, col 33 of module filosofo: 48
@!@!@ENDMSG 2221 @!@!@
@!@!@STARTMSG 2774:0 @!@!@
<Action line 54, col 17 to line 54, col 64 of module filosofo>
@!@!@ENDMSG 2774 @!@!@
@!@!@STARTMSG 2221:0 @!@!@
  line 54, col 17 to line 54, col 64 of module filosofo: 19
@!@!@ENDMSG 2221 @!@!@
@!@!@STARTMSG 2221:0 @!@!@
  |line 54, col 35 to line 54, col 64 of module filosofo: 57
@!@!@ENDMSG 2221 @!@!@
@!@!@STARTMSG 2221:0 @!@!@
  ||line 54, col 35 to line 54, col 43 of module filosofo: 57
@!@!@ENDMSG 2221 @!@!@
@!@!@STARTMSG 2221:0 @!@!@
  ||line 54, col 48 to line 54, col 64 of module filosofo: 12
@!@!@ENDMSG 2221 @!@!@
@!@!@STARTMSG 2221:0 @!@!@
  |line 54, col 26 to line 54, col 31 of module filosofo: 19
@!@!@ENDMSG 2221 @!@!@
@!@!@STARTMSG 2202:0 @!@!@
End of statistics.
@!@!@ENDMSG 2202 @!@!@
@!@!@STARTMSG 2200:0 @!@!@
Progress(6) at 2023-03-17 11:23:33: 31 states generated (1 886 s/min), 19 distinct states found (1 156 ds/min), 0 states left on queue.
@!@!@ENDMSG 2200 @!@!@
@!@!@STARTMSG 2199:0 @!@!@
31 states generated, 19 distinct states found, 0 states left on queue.
@!@!@ENDMSG 2199 @!@!@
@!@!@STARTMSG 2186:0 @!@!@
Finished in 995ms at (2023-03-17 11:23:33)
@!@!@ENDMSG 2186 @!@!@
