@!@!@STARTMSG 2262:0 @!@!@
TLC2 Version 2.16 of 31 December 2020 (rev: cdddf55)
@!@!@ENDMSG 2262 @!@!@
@!@!@STARTMSG 2187:0 @!@!@
Running breadth-first search Model-Checking with fp 87 and seed -583920109534753923 with 1 worker on 12 cores with 3524MB heap and 64MB offheap memory [pid: 20723] (Linux 5.19.0-35-generic amd64, Ubuntu 11.0.18 x86_64, MSBDiskFPSet, DiskStateQueue).
@!@!@ENDMSG 2187 @!@!@
@!@!@STARTMSG 2220:0 @!@!@
Starting SANY...
@!@!@ENDMSG 2220 @!@!@
Parsing file /home/lcmj/Desktop/Clases/VF/Aula6/LeaderElectionRingInboxOnly.tla
Parsing file /tmp/Naturals.tla
Parsing file /tmp/TLC.tla
Parsing file /tmp/Sequences.tla
Parsing file /tmp/FiniteSets.tla
Semantic processing of module Naturals
Semantic processing of module Sequences
Semantic processing of module FiniteSets
Semantic processing of module TLC
Semantic processing of module LeaderElectionRingInboxOnly
@!@!@STARTMSG 2219:0 @!@!@
SANY finished.
@!@!@ENDMSG 2219 @!@!@
@!@!@STARTMSG 2185:0 @!@!@
Starting... (2023-03-24 10:53:32)
@!@!@ENDMSG 2185 @!@!@
@!@!@STARTMSG 2212:0 @!@!@
Implied-temporal checking--satisfiability problem has 6 branches.
@!@!@ENDMSG 2212 @!@!@
@!@!@STARTMSG 2189:0 @!@!@
Computing initial states...
@!@!@ENDMSG 2189 @!@!@
@!@!@STARTMSG 2190:0 @!@!@
Finished computing initial states: 1 distinct state generated at 2023-03-24 10:53:32.
@!@!@ENDMSG 2190 @!@!@
@!@!@STARTMSG 2110:1 @!@!@
Invariant NoLeader is violated.
@!@!@ENDMSG 2110 @!@!@
@!@!@STARTMSG 2121:1 @!@!@
The behavior up to this point is:
@!@!@ENDMSG 2121 @!@!@
@!@!@STARTMSG 2217:4 @!@!@
1: <Initial predicate>
/\ elected = <<FALSE, FALSE, FALSE, FALSE, FALSE>>
/\ inbox = <<{2}, {3}, {4}, {5}, {1}>>

@!@!@ENDMSG 2217 @!@!@
@!@!@STARTMSG 2217:4 @!@!@
2: <node line 31, col 13 to line 37, col 30 of module LeaderElectionRingInboxOnly>
/\ elected = <<FALSE, FALSE, FALSE, FALSE, FALSE>>
/\ inbox = <<{2}, {3}, {4, 5}, {}, {1}>>

@!@!@ENDMSG 2217 @!@!@
@!@!@STARTMSG 2217:4 @!@!@
3: <node line 31, col 13 to line 37, col 30 of module LeaderElectionRingInboxOnly>
/\ elected = <<FALSE, FALSE, FALSE, FALSE, FALSE>>
/\ inbox = <<{2}, {3, 5}, {4}, {}, {1}>>

@!@!@ENDMSG 2217 @!@!@
@!@!@STARTMSG 2217:4 @!@!@
4: <node line 31, col 13 to line 37, col 30 of module LeaderElectionRingInboxOnly>
/\ elected = <<FALSE, FALSE, FALSE, FALSE, FALSE>>
/\ inbox = <<{2, 5}, {3}, {4}, {}, {1}>>

@!@!@ENDMSG 2217 @!@!@
@!@!@STARTMSG 2217:4 @!@!@
5: <node line 31, col 13 to line 37, col 30 of module LeaderElectionRingInboxOnly>
/\ elected = <<FALSE, FALSE, FALSE, FALSE, FALSE>>
/\ inbox = <<{2}, {3}, {4}, {}, {1, 5}>>

@!@!@ENDMSG 2217 @!@!@
@!@!@STARTMSG 2217:4 @!@!@
6: <node line 31, col 13 to line 37, col 30 of module LeaderElectionRingInboxOnly>
/\ elected = <<FALSE, FALSE, FALSE, FALSE, TRUE>>
/\ inbox = <<{2}, {3}, {4}, {5}, {1}>>

@!@!@ENDMSG 2217 @!@!@
@!@!@STARTMSG 2201:0 @!@!@
The coverage statistics at 2023-03-24 10:53:32
@!@!@ENDMSG 2201 @!@!@
@!@!@STARTMSG 2773:0 @!@!@
<Init line 26, col 1 to line 26, col 4 of module LeaderElectionRingInboxOnly>: 2:2
@!@!@ENDMSG 2773 @!@!@
@!@!@STARTMSG 2221:0 @!@!@
  line 27, col 5 to line 28, col 40 of module LeaderElectionRingInboxOnly: 2
@!@!@ENDMSG 2221 @!@!@
@!@!@STARTMSG 2772:0 @!@!@
<node line 31, col 1 to line 31, col 8 of module LeaderElectionRingInboxOnly>: 168:450
@!@!@ENDMSG 2772 @!@!@
@!@!@STARTMSG 2221:0 @!@!@
  line 32, col 8 to line 34, col 53 of module LeaderElectionRingInboxOnly: 449
@!@!@ENDMSG 2221 @!@!@
@!@!@STARTMSG 2221:0 @!@!@
  |line 32, col 19 to line 34, col 53 of module LeaderElectionRingInboxOnly: 450
@!@!@ENDMSG 2221 @!@!@
@!@!@STARTMSG 2221:0 @!@!@
  ||line 32, col 22 to line 32, col 28 of module LeaderElectionRingInboxOnly: 450
@!@!@ENDMSG 2221 @!@!@
@!@!@STARTMSG 2221:0 @!@!@
  ||line 33, col 24 to line 33, col 79 of module LeaderElectionRingInboxOnly: 336
@!@!@ENDMSG 2221 @!@!@
@!@!@STARTMSG 2221:0 @!@!@
  ||line 34, col 24 to line 34, col 53 of module LeaderElectionRingInboxOnly: 114
@!@!@ENDMSG 2221 @!@!@
@!@!@STARTMSG 2221:0 @!@!@
  line 35, col 8 to line 37, col 30 of module LeaderElectionRingInboxOnly: 449
@!@!@ENDMSG 2221 @!@!@
@!@!@STARTMSG 2221:0 @!@!@
  |line 35, col 19 to line 37, col 30 of module LeaderElectionRingInboxOnly: 450
@!@!@ENDMSG 2221 @!@!@
@!@!@STARTMSG 2221:0 @!@!@
  ||line 35, col 22 to line 35, col 27 of module LeaderElectionRingInboxOnly: 450
@!@!@ENDMSG 2221 @!@!@
@!@!@STARTMSG 2221:0 @!@!@
  ||line 36, col 24 to line 36, col 52 of module LeaderElectionRingInboxOnly: 2
@!@!@ENDMSG 2221 @!@!@
@!@!@STARTMSG 2221:0 @!@!@
  ||line 37, col 24 to line 37, col 30 of module LeaderElectionRingInboxOnly: 448
@!@!@ENDMSG 2221 @!@!@
@!@!@STARTMSG 2221:0 @!@!@
  line 31, col 22 to line 31, col 30 of module LeaderElectionRingInboxOnly: 500
@!@!@ENDMSG 2221 @!@!@
@!@!@STARTMSG 2774:0 @!@!@
<Action line 46, col 24 to line 46, col 74 of module LeaderElectionRingInboxOnly>
@!@!@ENDMSG 2774 @!@!@
@!@!@STARTMSG 2221:0 @!@!@
  line 46, col 24 to line 46, col 74 of module LeaderElectionRingInboxOnly: 169
@!@!@ENDMSG 2221 @!@!@
@!@!@STARTMSG 2221:0 @!@!@
  |line 46, col 42 to line 46, col 74 of module LeaderElectionRingInboxOnly: 4225
@!@!@ENDMSG 2221 @!@!@
@!@!@STARTMSG 2221:0 @!@!@
  ||line 46, col 42 to line 46, col 65 of module LeaderElectionRingInboxOnly: 4225
@!@!@ENDMSG 2221 @!@!@
@!@!@STARTMSG 2221:0 @!@!@
  |||line 46, col 42 to line 46, col 51 of module LeaderElectionRingInboxOnly: 4225
@!@!@ENDMSG 2221 @!@!@
@!@!@STARTMSG 2221:0 @!@!@
  |||line 46, col 56 to line 46, col 65 of module LeaderElectionRingInboxOnly: 5
@!@!@ENDMSG 2221 @!@!@
@!@!@STARTMSG 2221:0 @!@!@
  ||line 46, col 70 to line 46, col 74 of module LeaderElectionRingInboxOnly: 1
@!@!@ENDMSG 2221 @!@!@
@!@!@STARTMSG 2221:0 @!@!@
  |line 46, col 35 to line 46, col 38 of module LeaderElectionRingInboxOnly: 169
@!@!@ENDMSG 2221 @!@!@
@!@!@STARTMSG 2774:0 @!@!@
<Action line 53, col 17 to line 53, col 43 of module LeaderElectionRingInboxOnly>
@!@!@ENDMSG 2774 @!@!@
@!@!@STARTMSG 2221:0 @!@!@
  line 53, col 17 to line 53, col 43 of module LeaderElectionRingInboxOnly: 169
@!@!@ENDMSG 2221 @!@!@
@!@!@STARTMSG 2221:0 @!@!@
  |line 53, col 33 to line 53, col 43 of module LeaderElectionRingInboxOnly: 845
@!@!@ENDMSG 2221 @!@!@
@!@!@STARTMSG 2221:0 @!@!@
  |line 53, col 26 to line 53, col 29 of module LeaderElectionRingInboxOnly: 169
@!@!@ENDMSG 2221 @!@!@
@!@!@STARTMSG 2202:0 @!@!@
End of statistics.
@!@!@ENDMSG 2202 @!@!@
@!@!@STARTMSG 2200:0 @!@!@
Progress(6) at 2023-03-24 10:53:33: 433 states generated (22 377 s/min), 169 distinct states found (8 733 ds/min), 71 states left on queue.
@!@!@ENDMSG 2200 @!@!@
@!@!@STARTMSG 2199:0 @!@!@
433 states generated, 169 distinct states found, 71 states left on queue.
@!@!@ENDMSG 2199 @!@!@
@!@!@STARTMSG 2194:0 @!@!@
The depth of the complete state graph search is 6.
@!@!@ENDMSG 2194 @!@!@
@!@!@STARTMSG 2268:0 @!@!@
The average outdegree of the complete state graph is 2 (minimum is 0, the maximum 5 and the 95th percentile is 5).
@!@!@ENDMSG 2268 @!@!@
@!@!@STARTMSG 2186:0 @!@!@
Finished in 1173ms at (2023-03-24 10:53:33)
@!@!@ENDMSG 2186 @!@!@
