@!@!@STARTMSG 2262:0 @!@!@
TLC2 Version 2.16 of 31 December 2020 (rev: cdddf55)
@!@!@ENDMSG 2262 @!@!@
@!@!@STARTMSG 2187:0 @!@!@
Running breadth-first search Model-Checking with fp 23 and seed 1605984117397940990 with 1 worker on 12 cores with 3524MB heap and 64MB offheap memory [pid: 21081] (Linux 5.19.0-35-generic amd64, Ubuntu 11.0.18 x86_64, MSBDiskFPSet, DiskStateQueue).
@!@!@ENDMSG 2187 @!@!@
@!@!@STARTMSG 2220:0 @!@!@
Starting SANY...
@!@!@ENDMSG 2220 @!@!@
Parsing file /home/lcmj/Desktop/Clases/VF/Aula6/LeaderElectionRing.tla
Parsing file /tmp/Naturals.tla
Parsing file /tmp/TLC.tla
Parsing file /tmp/Sequences.tla
Parsing file /tmp/FiniteSets.tla
Semantic processing of module Naturals
Semantic processing of module Sequences
Semantic processing of module FiniteSets
Semantic processing of module TLC
Semantic processing of module LeaderElectionRing
@!@!@STARTMSG 2219:0 @!@!@
SANY finished.
@!@!@ENDMSG 2219 @!@!@
@!@!@STARTMSG 2185:0 @!@!@
Starting... (2023-03-24 10:55:03)
@!@!@ENDMSG 2185 @!@!@
@!@!@STARTMSG 2212:0 @!@!@
Implied-temporal checking--satisfiability problem has 6 branches.
@!@!@ENDMSG 2212 @!@!@
@!@!@STARTMSG 2189:0 @!@!@
Computing initial states...
@!@!@ENDMSG 2189 @!@!@
@!@!@STARTMSG 2190:0 @!@!@
Finished computing initial states: 1 distinct state generated at 2023-03-24 10:55:03.
@!@!@ENDMSG 2190 @!@!@
@!@!@STARTMSG 2110:1 @!@!@
Invariant NoLeader is violated.
@!@!@ENDMSG 2110 @!@!@
@!@!@STARTMSG 2121:1 @!@!@
The behavior up to this point is:
@!@!@ENDMSG 2121 @!@!@
@!@!@STARTMSG 2217:4 @!@!@
1: <Initial predicate>
/\ elected = <<FALSE, FALSE, FALSE, FALSE, FALSE>>
/\ outbox = <<{1}, {2}, {3}, {4}, {5}>>
/\ inbox = <<{}, {}, {}, {}, {}>>

@!@!@ENDMSG 2217 @!@!@
@!@!@STARTMSG 2217:4 @!@!@
2: <transmit line 32, col 5 to line 34, col 24 of module LeaderElectionRing>
/\ elected = <<FALSE, FALSE, FALSE, FALSE, FALSE>>
/\ outbox = <<{}, {}, {}, {}, {}>>
/\ inbox = <<{2}, {3}, {4}, {5}, {1}>>

@!@!@ENDMSG 2217 @!@!@
@!@!@STARTMSG 2217:4 @!@!@
3: <node line 36, col 13 to line 43, col 30 of module LeaderElectionRing>
/\ elected = <<FALSE, FALSE, FALSE, FALSE, FALSE>>
/\ outbox = <<{}, {}, {}, {5}, {}>>
/\ inbox = <<{2}, {3}, {4}, {}, {1}>>

@!@!@ENDMSG 2217 @!@!@
@!@!@STARTMSG 2217:4 @!@!@
4: <transmit line 32, col 5 to line 34, col 24 of module LeaderElectionRing>
/\ elected = <<FALSE, FALSE, FALSE, FALSE, FALSE>>
/\ outbox = <<{}, {}, {}, {}, {}>>
/\ inbox = <<{2}, {3}, {4, 5}, {}, {1}>>

@!@!@ENDMSG 2217 @!@!@
@!@!@STARTMSG 2217:4 @!@!@
5: <node line 36, col 13 to line 43, col 30 of module LeaderElectionRing>
/\ elected = <<FALSE, FALSE, FALSE, FALSE, FALSE>>
/\ outbox = <<{}, {}, {5}, {}, {}>>
/\ inbox = <<{2}, {3}, {4}, {}, {1}>>

@!@!@ENDMSG 2217 @!@!@
@!@!@STARTMSG 2217:4 @!@!@
6: <transmit line 32, col 5 to line 34, col 24 of module LeaderElectionRing>
/\ elected = <<FALSE, FALSE, FALSE, FALSE, FALSE>>
/\ outbox = <<{}, {}, {}, {}, {}>>
/\ inbox = <<{2}, {3, 5}, {4}, {}, {1}>>

@!@!@ENDMSG 2217 @!@!@
@!@!@STARTMSG 2217:4 @!@!@
7: <node line 36, col 13 to line 43, col 30 of module LeaderElectionRing>
/\ elected = <<FALSE, FALSE, FALSE, FALSE, FALSE>>
/\ outbox = <<{}, {5}, {}, {}, {}>>
/\ inbox = <<{2}, {3}, {4}, {}, {1}>>

@!@!@ENDMSG 2217 @!@!@
@!@!@STARTMSG 2217:4 @!@!@
8: <transmit line 32, col 5 to line 34, col 24 of module LeaderElectionRing>
/\ elected = <<FALSE, FALSE, FALSE, FALSE, FALSE>>
/\ outbox = <<{}, {}, {}, {}, {}>>
/\ inbox = <<{2, 5}, {3}, {4}, {}, {1}>>

@!@!@ENDMSG 2217 @!@!@
@!@!@STARTMSG 2217:4 @!@!@
9: <node line 36, col 13 to line 43, col 30 of module LeaderElectionRing>
/\ elected = <<FALSE, FALSE, FALSE, FALSE, FALSE>>
/\ outbox = <<{5}, {}, {}, {}, {}>>
/\ inbox = <<{2}, {3}, {4}, {}, {1}>>

@!@!@ENDMSG 2217 @!@!@
@!@!@STARTMSG 2217:4 @!@!@
10: <transmit line 32, col 5 to line 34, col 24 of module LeaderElectionRing>
/\ elected = <<FALSE, FALSE, FALSE, FALSE, FALSE>>
/\ outbox = <<{}, {}, {}, {}, {}>>
/\ inbox = <<{2}, {3}, {4}, {}, {1, 5}>>

@!@!@ENDMSG 2217 @!@!@
@!@!@STARTMSG 2217:4 @!@!@
11: <node line 36, col 13 to line 43, col 30 of module LeaderElectionRing>
/\ elected = <<FALSE, FALSE, FALSE, FALSE, TRUE>>
/\ outbox = <<{}, {}, {}, {}, {5}>>
/\ inbox = <<{2}, {3}, {4}, {}, {1}>>

@!@!@ENDMSG 2217 @!@!@
@!@!@STARTMSG 2201:0 @!@!@
The coverage statistics at 2023-03-24 10:55:04
@!@!@ENDMSG 2201 @!@!@
@!@!@STARTMSG 2773:0 @!@!@
<Init line 24, col 1 to line 24, col 4 of module LeaderElectionRing>: 2:2
@!@!@ENDMSG 2773 @!@!@
@!@!@STARTMSG 2221:0 @!@!@
  line 25, col 5 to line 27, col 40 of module LeaderElectionRing: 2
@!@!@ENDMSG 2221 @!@!@
@!@!@STARTMSG 2772:0 @!@!@
<transmit line 31, col 1 to line 31, col 8 of module LeaderElectionRing>: 87:1163
@!@!@ENDMSG 2772 @!@!@
@!@!@STARTMSG 2221:0 @!@!@
  line 32, col 8 to line 32, col 38 of module LeaderElectionRing: 1163
@!@!@ENDMSG 2221 @!@!@
@!@!@STARTMSG 2221:0 @!@!@
  line 33, col 8 to line 33, col 71 of module LeaderElectionRing: 1163
@!@!@ENDMSG 2221 @!@!@
@!@!@STARTMSG 2221:0 @!@!@
  line 34, col 8 to line 34, col 24 of module LeaderElectionRing: 1163
@!@!@ENDMSG 2221 @!@!@
@!@!@STARTMSG 2772:0 @!@!@
<node line 36, col 1 to line 36, col 8 of module LeaderElectionRing>: 1504:3410
@!@!@ENDMSG 2772 @!@!@
@!@!@STARTMSG 2221:0 @!@!@
  line 37, col 8 to line 37, col 48 of module LeaderElectionRing: 3409
@!@!@ENDMSG 2221 @!@!@
@!@!@STARTMSG 2221:0 @!@!@
  |line 37, col 19 to line 37, col 48 of module LeaderElectionRing: 3410
@!@!@ENDMSG 2221 @!@!@
@!@!@STARTMSG 2221:0 @!@!@
  line 38, col 8 to line 40, col 29 of module LeaderElectionRing: 3409
@!@!@ENDMSG 2221 @!@!@
@!@!@STARTMSG 2221:0 @!@!@
  |line 38, col 19 to line 40, col 29 of module LeaderElectionRing: 3410
@!@!@ENDMSG 2221 @!@!@
@!@!@STARTMSG 2221:0 @!@!@
  ||line 38, col 22 to line 38, col 28 of module LeaderElectionRing: 3410
@!@!@ENDMSG 2221 @!@!@
@!@!@STARTMSG 2221:0 @!@!@
  ||line 39, col 24 to line 39, col 57 of module LeaderElectionRing: 2268
@!@!@ENDMSG 2221 @!@!@
@!@!@STARTMSG 2221:0 @!@!@
  ||line 40, col 24 to line 40, col 29 of module LeaderElectionRing: 1142
@!@!@ENDMSG 2221 @!@!@
@!@!@STARTMSG 2221:0 @!@!@
  line 41, col 8 to line 43, col 30 of module LeaderElectionRing: 3409
@!@!@ENDMSG 2221 @!@!@
@!@!@STARTMSG 2221:0 @!@!@
  |line 41, col 19 to line 43, col 30 of module LeaderElectionRing: 3410
@!@!@ENDMSG 2221 @!@!@
@!@!@STARTMSG 2221:0 @!@!@
  ||line 41, col 22 to line 41, col 27 of module LeaderElectionRing: 3410
@!@!@ENDMSG 2221 @!@!@
@!@!@STARTMSG 2221:0 @!@!@
  ||line 42, col 24 to line 42, col 52 of module LeaderElectionRing: 2
@!@!@ENDMSG 2221 @!@!@
@!@!@STARTMSG 2221:0 @!@!@
  ||line 43, col 24 to line 43, col 30 of module LeaderElectionRing: 3408
@!@!@ENDMSG 2221 @!@!@
@!@!@STARTMSG 2221:0 @!@!@
  line 36, col 22 to line 36, col 30 of module LeaderElectionRing: 5780
@!@!@ENDMSG 2221 @!@!@
@!@!@STARTMSG 2774:0 @!@!@
<Action line 52, col 24 to line 52, col 74 of module LeaderElectionRing>
@!@!@ENDMSG 2774 @!@!@
@!@!@STARTMSG 2221:0 @!@!@
  line 52, col 24 to line 52, col 74 of module LeaderElectionRing: 1592
@!@!@ENDMSG 2221 @!@!@
@!@!@STARTMSG 2221:0 @!@!@
  |line 52, col 42 to line 52, col 74 of module LeaderElectionRing: 39800
@!@!@ENDMSG 2221 @!@!@
@!@!@STARTMSG 2221:0 @!@!@
  ||line 52, col 42 to line 52, col 65 of module LeaderElectionRing: 39800
@!@!@ENDMSG 2221 @!@!@
@!@!@STARTMSG 2221:0 @!@!@
  |||line 52, col 42 to line 52, col 51 of module LeaderElectionRing: 39800
@!@!@ENDMSG 2221 @!@!@
@!@!@STARTMSG 2221:0 @!@!@
  |||line 52, col 56 to line 52, col 65 of module LeaderElectionRing: 5
@!@!@ENDMSG 2221 @!@!@
@!@!@STARTMSG 2221:0 @!@!@
  ||line 52, col 70 to line 52, col 74 of module LeaderElectionRing: 1
@!@!@ENDMSG 2221 @!@!@
@!@!@STARTMSG 2221:0 @!@!@
  |line 52, col 35 to line 52, col 38 of module LeaderElectionRing: 1592
@!@!@ENDMSG 2221 @!@!@
@!@!@STARTMSG 2774:0 @!@!@
<Action line 59, col 17 to line 59, col 43 of module LeaderElectionRing>
@!@!@ENDMSG 2774 @!@!@
@!@!@STARTMSG 2221:0 @!@!@
  line 59, col 17 to line 59, col 43 of module LeaderElectionRing: 1592
@!@!@ENDMSG 2221 @!@!@
@!@!@STARTMSG 2221:0 @!@!@
  |line 59, col 33 to line 59, col 43 of module LeaderElectionRing: 7960
@!@!@ENDMSG 2221 @!@!@
@!@!@STARTMSG 2221:0 @!@!@
  |line 59, col 26 to line 59, col 29 of module LeaderElectionRing: 1592
@!@!@ENDMSG 2221 @!@!@
@!@!@STARTMSG 2202:0 @!@!@
End of statistics.
@!@!@ENDMSG 2202 @!@!@
@!@!@STARTMSG 2200:0 @!@!@
Progress(11) at 2023-03-24 10:55:04: 4 546 states generated (181 477 s/min), 1 592 distinct states found (63 552 ds/min), 438 states left on queue.
@!@!@ENDMSG 2200 @!@!@
@!@!@STARTMSG 2199:0 @!@!@
4546 states generated, 1592 distinct states found, 438 states left on queue.
@!@!@ENDMSG 2199 @!@!@
@!@!@STARTMSG 2194:0 @!@!@
The depth of the complete state graph search is 11.
@!@!@ENDMSG 2194 @!@!@
@!@!@STARTMSG 2268:0 @!@!@
The average outdegree of the complete state graph is 1 (minimum is 0, the maximum 5 and the 95th percentile is 5).
@!@!@ENDMSG 2268 @!@!@
@!@!@STARTMSG 2186:0 @!@!@
Finished in 1516ms at (2023-03-24 10:55:04)
@!@!@ENDMSG 2186 @!@!@
